30-Sep-2021 20:03:15.986 INFO [main] org.apache.catalina.startup.VersionLoggerListener.log Server version name:   Apache Tomcat/8.5.70
30-Sep-2021 20:03:15.988 INFO [main] org.apache.catalina.startup.VersionLoggerListener.log Server built:          Aug 9 2021 16:17:14 UTC
30-Sep-2021 20:03:15.988 INFO [main] org.apache.catalina.startup.VersionLoggerListener.log Server version number: 8.5.70.0
30-Sep-2021 20:03:15.988 INFO [main] org.apache.catalina.startup.VersionLoggerListener.log OS Name:               Mac OS X
30-Sep-2021 20:03:15.988 INFO [main] org.apache.catalina.startup.VersionLoggerListener.log OS Version:            10.16
30-Sep-2021 20:03:15.988 INFO [main] org.apache.catalina.startup.VersionLoggerListener.log Architecture:          x86_64
30-Sep-2021 20:03:15.988 INFO [main] org.apache.catalina.startup.VersionLoggerListener.log Java Home:             /Library/Java/JavaVirtualMachines/jdk1.8.0_111.jdk/Contents/Home/jre
30-Sep-2021 20:03:15.988 INFO [main] org.apache.catalina.startup.VersionLoggerListener.log JVM Version:           1.8.0_111-b14
30-Sep-2021 20:03:15.988 INFO [main] org.apache.catalina.startup.VersionLoggerListener.log JVM Vendor:            Oracle Corporation
30-Sep-2021 20:03:15.988 INFO [main] org.apache.catalina.startup.VersionLoggerListener.log CATALINA_BASE:         /Users/federico/ws/Java/innova/appweb/apache-tomcat-8.5.70
30-Sep-2021 20:03:15.988 INFO [main] org.apache.catalina.startup.VersionLoggerListener.log CATALINA_HOME:         /Users/federico/ws/Java/innova/appweb/apache-tomcat-8.5.70
30-Sep-2021 20:03:15.989 INFO [main] org.apache.catalina.startup.VersionLoggerListener.log Command line argument: -Djava.util.logging.config.file=/Users/federico/ws/Java/innova/appweb/apache-tomcat-8.5.70/conf/logging.properties
30-Sep-2021 20:03:15.989 INFO [main] org.apache.catalina.startup.VersionLoggerListener.log Command line argument: -Djava.util.logging.manager=org.apache.juli.ClassLoaderLogManager
30-Sep-2021 20:03:15.989 INFO [main] org.apache.catalina.startup.VersionLoggerListener.log Command line argument: -Djdk.tls.ephemeralDHKeySize=2048
30-Sep-2021 20:03:15.989 INFO [main] org.apache.catalina.startup.VersionLoggerListener.log Command line argument: -Djava.protocol.handler.pkgs=org.apache.catalina.webresources
30-Sep-2021 20:03:15.989 INFO [main] org.apache.catalina.startup.VersionLoggerListener.log Command line argument: -Dorg.apache.catalina.security.SecurityListener.UMASK=0027
30-Sep-2021 20:03:15.989 INFO [main] org.apache.catalina.startup.VersionLoggerListener.log Command line argument: -Dignore.endorsed.dirs=
30-Sep-2021 20:03:15.989 INFO [main] org.apache.catalina.startup.VersionLoggerListener.log Command line argument: -Dcatalina.base=/Users/federico/ws/Java/innova/appweb/apache-tomcat-8.5.70
30-Sep-2021 20:03:15.989 INFO [main] org.apache.catalina.startup.VersionLoggerListener.log Command line argument: -Dcatalina.home=/Users/federico/ws/Java/innova/appweb/apache-tomcat-8.5.70
30-Sep-2021 20:03:15.990 INFO [main] org.apache.catalina.startup.VersionLoggerListener.log Command line argument: -Djava.io.tmpdir=/Users/federico/ws/Java/innova/appweb/apache-tomcat-8.5.70/temp
30-Sep-2021 20:03:15.990 INFO [main] org.apache.catalina.core.AprLifecycleListener.lifecycleEvent The Apache Tomcat Native library which allows using OpenSSL was not found on the java.library.path: [/Users/federico/Library/Java/Extensions:/Library/Java/Extensions:/Network/Library/Java/Extensions:/System/Library/Java/Extensions:/usr/lib/java:.]
30-Sep-2021 20:03:16.126 INFO [main] org.apache.coyote.AbstractProtocol.init Initializing ProtocolHandler ["http-nio-8080"]
30-Sep-2021 20:03:16.150 INFO [main] org.apache.tomcat.util.net.NioSelectorPool.getSharedSelector Using a shared selector for servlet write/read
30-Sep-2021 20:03:16.166 INFO [main] org.apache.catalina.startup.Catalina.load Initialization processed in 578 ms
30-Sep-2021 20:03:16.194 INFO [main] org.apache.catalina.core.StandardService.startInternal Starting service [Catalina]
30-Sep-2021 20:03:16.194 INFO [main] org.apache.catalina.core.StandardEngine.startInternal Starting Servlet engine: [Apache Tomcat/8.5.70]
30-Sep-2021 20:03:16.201 INFO [localhost-startStop-1] org.apache.catalina.startup.HostConfig.deployDescriptor Deploying deployment descriptor [/Users/federico/ws/Java/innova/appweb/apache-tomcat-8.5.70/conf/Catalina/localhost/web.xml]
30-Sep-2021 20:03:16.499 INFO [localhost-startStop-1] org.apache.catalina.startup.HostConfig.deployDescriptor Deployment of deployment descriptor [/Users/federico/ws/Java/innova/appweb/apache-tomcat-8.5.70/conf/Catalina/localhost/web.xml] has finished in [297] ms
30-Sep-2021 20:03:16.499 INFO [localhost-startStop-1] org.apache.catalina.startup.HostConfig.deployDirectory Deploying web application directory [/Users/federico/ws/Java/innova/appweb/apache-tomcat-8.5.70/webapps/docs]
30-Sep-2021 20:03:16.514 INFO [localhost-startStop-1] org.apache.catalina.startup.HostConfig.deployDirectory Deployment of web application directory [/Users/federico/ws/Java/innova/appweb/apache-tomcat-8.5.70/webapps/docs] has finished in [15] ms
30-Sep-2021 20:03:16.514 INFO [localhost-startStop-1] org.apache.catalina.startup.HostConfig.deployDirectory Deploying web application directory [/Users/federico/ws/Java/innova/appweb/apache-tomcat-8.5.70/webapps/manager]
30-Sep-2021 20:03:16.546 INFO [localhost-startStop-1] org.apache.catalina.startup.HostConfig.deployDirectory Deployment of web application directory [/Users/federico/ws/Java/innova/appweb/apache-tomcat-8.5.70/webapps/manager] has finished in [31] ms
30-Sep-2021 20:03:16.546 INFO [localhost-startStop-1] org.apache.catalina.startup.HostConfig.deployDirectory Deploying web application directory [/Users/federico/ws/Java/innova/appweb/apache-tomcat-8.5.70/webapps/examples]
30-Sep-2021 20:03:16.772 INFO [localhost-startStop-1] org.apache.catalina.startup.HostConfig.deployDirectory Deployment of web application directory [/Users/federico/ws/Java/innova/appweb/apache-tomcat-8.5.70/webapps/examples] has finished in [225] ms
30-Sep-2021 20:03:16.772 INFO [localhost-startStop-1] org.apache.catalina.startup.HostConfig.deployDirectory Deploying web application directory [/Users/federico/ws/Java/innova/appweb/apache-tomcat-8.5.70/webapps/ROOT]
30-Sep-2021 20:03:16.786 INFO [localhost-startStop-1] org.apache.catalina.startup.HostConfig.deployDirectory Deployment of web application directory [/Users/federico/ws/Java/innova/appweb/apache-tomcat-8.5.70/webapps/ROOT] has finished in [14] ms
30-Sep-2021 20:03:16.786 INFO [localhost-startStop-1] org.apache.catalina.startup.HostConfig.deployDirectory Deploying web application directory [/Users/federico/ws/Java/innova/appweb/apache-tomcat-8.5.70/webapps/host-manager]
30-Sep-2021 20:03:16.807 INFO [localhost-startStop-1] org.apache.catalina.startup.HostConfig.deployDirectory Deployment of web application directory [/Users/federico/ws/Java/innova/appweb/apache-tomcat-8.5.70/webapps/host-manager] has finished in [21] ms
30-Sep-2021 20:03:16.813 INFO [main] org.apache.coyote.AbstractProtocol.start Starting ProtocolHandler ["http-nio-8080"]
30-Sep-2021 20:03:16.821 INFO [main] org.apache.catalina.startup.Catalina.start Server startup in 654 ms
30-Sep-2021 21:47:43.830 INFO [http-nio-8080-exec-2] org.apache.catalina.core.StandardContext.reload Reloading Context with name [/web] has started
30-Sep-2021 21:47:43.924 INFO [http-nio-8080-exec-2] org.apache.catalina.core.StandardContext.reload Reloading Context with name [/web] is completed
30-Sep-2021 21:52:09.390 INFO [http-nio-8080-exec-10] org.apache.catalina.core.StandardContext.reload Reloading Context with name [/web] has started
30-Sep-2021 21:52:09.441 INFO [http-nio-8080-exec-10] org.apache.catalina.core.StandardContext.reload Reloading Context with name [/web] is completed
30-Sep-2021 21:52:39.865 INFO [http-nio-8080-exec-17] org.apache.catalina.core.StandardContext.reload Reloading Context with name [/web] has started
30-Sep-2021 21:52:39.920 INFO [http-nio-8080-exec-17] org.apache.catalina.core.StandardContext.reload Reloading Context with name [/web] is completed
30-Sep-2021 21:53:10.209 INFO [http-nio-8080-exec-16] org.apache.catalina.core.StandardContext.reload Reloading Context with name [/web] has started
30-Sep-2021 21:53:10.256 INFO [http-nio-8080-exec-16] org.apache.catalina.core.StandardContext.reload Reloading Context with name [/web] is completed
30-Sep-2021 21:53:14.123 INFO [http-nio-8080-exec-12] org.apache.catalina.core.StandardContext.reload Reloading Context with name [/web] has started
30-Sep-2021 21:53:14.170 INFO [http-nio-8080-exec-12] org.apache.catalina.core.StandardContext.reload Reloading Context with name [/web] is completed
30-Sep-2021 21:54:53.604 INFO [http-nio-8080-exec-28] org.apache.catalina.core.StandardContext.reload Reloading Context with name [/web] has started
30-Sep-2021 21:54:53.649 INFO [http-nio-8080-exec-28] org.apache.catalina.core.StandardContext.reload Reloading Context with name [/web] is completed
30-Sep-2021 21:56:15.484 INFO [http-nio-8080-exec-18] org.apache.catalina.core.StandardContext.reload Reloading Context with name [/web] has started
30-Sep-2021 21:56:15.534 INFO [http-nio-8080-exec-18] org.apache.catalina.core.StandardContext.reload Reloading Context with name [/web] is completed
30-Sep-2021 21:57:55.918 INFO [http-nio-8080-exec-33] org.apache.catalina.core.StandardContext.reload Reloading Context with name [/web] has started
30-Sep-2021 21:57:55.969 INFO [http-nio-8080-exec-33] org.apache.catalina.core.StandardContext.reload Reloading Context with name [/web] is completed
30-Sep-2021 22:00:37.388 INFO [http-nio-8080-exec-31] org.apache.catalina.core.StandardContext.reload Reloading Context with name [/web] has started
30-Sep-2021 22:00:37.434 INFO [http-nio-8080-exec-31] org.apache.catalina.core.StandardContext.reload Reloading Context with name [/web] is completed
30-Sep-2021 22:01:21.512 INFO [http-nio-8080-exec-29] org.apache.catalina.core.StandardContext.reload Reloading Context with name [/web] has started
30-Sep-2021 22:01:21.570 INFO [http-nio-8080-exec-29] org.apache.catalina.core.StandardContext.reload Reloading Context with name [/web] is completed
30-Sep-2021 22:10:42.861 INFO [http-nio-8080-exec-47] org.apache.catalina.core.StandardContext.reload Reloading Context with name [/web] has started
30-Sep-2021 22:10:42.903 INFO [http-nio-8080-exec-47] org.apache.catalina.core.StandardContext.reload Reloading Context with name [/web] is completed
30-Sep-2021 22:14:39.624 INFO [http-nio-8080-exec-61] org.apache.catalina.core.StandardContext.reload Reloading Context with name [/web] has started
30-Sep-2021 22:14:39.671 INFO [http-nio-8080-exec-61] org.apache.catalina.core.StandardContext.reload Reloading Context with name [/web] is completed
